<?xml version="1.0" encoding="UTF-8"?>
<testng-results ignored="0" total="1" passed="1" failed="0" skipped="0">
  <reporter-output>
  </reporter-output>
  <suite started-at="2021-01-05T16:29:53 CET" name="Default suite" finished-at="2021-01-05T16:29:54 CET" duration-ms="1400">
    <groups>
    </groups>
    <test started-at="2021-01-05T16:29:53 CET" name="Default test" finished-at="2021-01-05T16:29:54 CET" duration-ms="1400">
      <class name="SumValidation">
        <test-method signature="SumOfCourse()[pri:0, instance:SumValidation@16ec5519]" started-at="2021-01-05T16:29:53 CET" name="SumOfCourse" finished-at="2021-01-05T16:29:54 CET" duration-ms="1351" status="PASS">
          <reporter-output>
          </reporter-output>
        </test-method> <!-- SumOfCourse -->
      </class> <!-- SumValidation -->
    </test> <!-- Default test -->
  </suite> <!-- Default suite -->
</testng-results>
